<?xml version="1.0" encoding="UTF-8" standalone="no"?><testsuite errors="1" failures="0" name="Create user" skipped="0" tests="1" time="11.17" timestamp="2024-10-29 09:59:39"><testcase name="Add an item to the shopping cart"><error message="Step [user enters credentials] is defined with 1 parameters at 'co.co.sofka.demoblaze.stepdefinitions.LoginStepDefinitions.userEntersCredentials(io.cucumber.datatable.DataTable)'.&#10;However, the gherkin step has 0 arguments.&#10;Step text: user enters credentials" type="io.cucumber.core.exception.CucumberException">Step [user enters credentials] is defined with 1 parameters at 'co.co.sofka.demoblaze.stepdefinitions.LoginStepDefinitions.userEntersCredentials(io.cucumber.datatable.DataTable)'.
However, the gherkin step has 0 arguments.
Step text: user enters credentials</error><system-err>Step [user enters credentials] is defined with 1 parameters at 'co.co.sofka.demoblaze.stepdefinitions.LoginStepDefinitions.userEntersCredentials(io.cucumber.datatable.DataTable)'.
However, the gherkin step has 0 arguments.
Step text: user enters credentials&#13;
io.cucumber.core.runner.PickleStepDefinitionMatch.arityMismatch(PickleStepDefinitionMatch.java:83)&#13;
io.cucumber.core.runner.PickleStepDefinitionMatch.runStep(PickleStepDefinitionMatch.java:42)&#13;
io.cucumber.core.runner.TestStep.executeStep(TestStep.java:84)&#13;
io.cucumber.core.runner.TestStep.run(TestStep.java:56)&#13;
io.cucumber.core.runner.PickleStepTestStep.run(PickleStepTestStep.java:51)&#13;
io.cucumber.core.runner.TestCase.run(TestCase.java:84)&#13;
io.cucumber.core.runner.Runner.runPickle(Runner.java:75)&#13;
io.cucumber.core.runtime.CucumberExecutionContext.lambda$runTestCase$5(CucumberExecutionContext.java:137)&#13;
io.cucumber.core.runtime.RethrowingThrowableCollector.executeAndThrow(RethrowingThrowableCollector.java:23)&#13;
io.cucumber.core.runtime.CucumberExecutionContext.runTestCase(CucumberExecutionContext.java:137)&#13;
io.cucumber.junit.FeatureRunner.runChild(FeatureRunner.java:144)&#13;
io.cucumber.junit.FeatureRunner.runChild(FeatureRunner.java:28)&#13;
io.cucumber.junit.FeatureRunner.run(FeatureRunner.java:137)&#13;
io.cucumber.junit.CucumberSerenityBaseRunner.runChild(CucumberSerenityBaseRunner.java:330)&#13;
io.cucumber.junit.CucumberSerenityBaseRunner.runChild(CucumberSerenityBaseRunner.java:51)&#13;
worker.org.gradle.process.internal.worker.GradleWorkerMain.run(GradleWorkerMain.java:69)&#13;
worker.org.gradle.process.internal.worker.GradleWorkerMain.main(GradleWorkerMain.java:74)&#13;
</system-err></testcase></testsuite>