<?xml version="1.0" encoding="UTF-8" standalone="no"?><testsuite errors="1" failures="0" name="Create user" skipped="0" tests="1" time="1.77" timestamp="2024-10-28 09:06:01"><testcase name="user creation test"><error type="java.lang.NullPointerException"/><system-err>null&#13;
com.google.common.base.Preconditions.checkNotNull(Preconditions.java:903)&#13;
co.co.sofka.demoblaze.stepdefinitions.CreateUserStepDefinitions.enterCredenciales(CreateUserStepDefinitions.java:28)&#13;
✽.enter credenciales(file:///C:/Users/omar1/IdeaProjects/co.co.sofka.demoblaze/src/test/resources/features/crearUsuario.feature:8)&#13;
</system-err></testcase></testsuite>